<!DOCTYPE html>
<html>
<head>
<meta http-equiv="Content-Type" content="text/html; charset=utf-8"/>
<meta http-equiv="x-ua-compatible" content="IE=edge"/>
<title>Test results - Class nurisezgin.com.retrofiterror.rx2.Rx2RetrofitErrorCallAdapterFactoryTest</title>
<link href="../css/base-style.css" rel="stylesheet" type="text/css"/>
<link href="../css/style.css" rel="stylesheet" type="text/css"/>
<script src="../js/report.js" type="text/javascript"></script>
</head>
<body>
<div id="content">
<h1>Class nurisezgin.com.retrofiterror.rx2.Rx2RetrofitErrorCallAdapterFactoryTest</h1>
<div class="breadcrumbs">
<a href="../index.html">all</a> &gt; 
<a href="../packages/nurisezgin.com.retrofiterror.rx2.html">nurisezgin.com.retrofiterror.rx2</a> &gt; Rx2RetrofitErrorCallAdapterFactoryTest</div>
<div id="summary">
<table>
<tr>
<td>
<div class="summaryGroup">
<table>
<tr>
<td>
<div class="infoBox" id="tests">
<div class="counter">6</div>
<p>tests</p>
</div>
</td>
<td>
<div class="infoBox" id="failures">
<div class="counter">0</div>
<p>failures</p>
</div>
</td>
<td>
<div class="infoBox" id="ignored">
<div class="counter">0</div>
<p>ignored</p>
</div>
</td>
<td>
<div class="infoBox" id="duration">
<div class="counter">0.175s</div>
<p>duration</p>
</div>
</td>
</tr>
</table>
</div>
</td>
<td>
<div class="infoBox success" id="successRate">
<div class="percent">100%</div>
<p>successful</p>
</div>
</td>
</tr>
</table>
</div>
<div id="tabs">
<ul class="tabLinks">
<li>
<a href="#tab0">Tests</a>
</li>
<li>
<a href="#tab1">Standard error</a>
</li>
</ul>
<div id="tab0" class="tab">
<h2>Tests</h2>
<table>
<thead>
<tr>
<th>Test</th>
<th>Duration</th>
<th>Result</th>
</tr>
</thead>
<tr>
<td class="success">should_CallDefaultSessionLogoutActionCorrect</td>
<td>0.007s</td>
<td class="success">passed</td>
</tr>
<tr>
<td class="success">should_ConvertHttpErrorCorrect</td>
<td>0.005s</td>
<td class="success">passed</td>
</tr>
<tr>
<td class="success">should_ConvertIOErrorCorrect</td>
<td>0.006s</td>
<td class="success">passed</td>
</tr>
<tr>
<td class="success">should_Rx2ImplementationCorrect</td>
<td>0.007s</td>
<td class="success">passed</td>
</tr>
<tr>
<td class="success">should_WhenHasCustomActionNeverCallDefaultSessionLogoutActionCorrect</td>
<td>0.005s</td>
<td class="success">passed</td>
</tr>
<tr>
<td class="success">should_WhenNoEmptyConstructorCallDefaultSessionLogoutActionCorrect</td>
<td>0.145s</td>
<td class="success">passed</td>
</tr>
</table>
</div>
<div id="tab1" class="tab">
<h2>Standard error</h2>
<span class="code">
<pre>Jul 29, 2018 12:45:08 AM okhttp3.mockwebserver.MockWebServer$2 execute
INFO: MockWebServer[55735] starting to accept connections
Jul 29, 2018 12:45:08 AM okhttp3.mockwebserver.MockWebServer$3 processOneRequest
INFO: MockWebServer[55735] received request: GET /rawbalance HTTP/1.1 and responded: HTTP/1.1 401 Client Error
java.lang.InstantiationException: nurisezgin.com.retrofiterror.rx2.TestSessionLogoutActions$NoEmptyConstructorAction
	at java.lang.Class.newInstance(Class.java:427)
	at nurisezgin.com.retrofiterror.DefaultErrorAdapter.onSessionLogoutError(DefaultErrorAdapter.java:57)
	at nurisezgin.com.retrofiterror.DefaultErrorAdapter.onError(DefaultErrorAdapter.java:36)
	at nurisezgin.com.retrofiterror.rx2.Rx2RetrofitErrorCallAdapterFactory$RetrofitErrorCallAdapter$ErrorMapper.apply(Rx2RetrofitErrorCallAdapterFactory.java:78)
	at nurisezgin.com.retrofiterror.rx2.Rx2RetrofitErrorCallAdapterFactory$RetrofitErrorCallAdapter$ErrorMapper.apply(Rx2RetrofitErrorCallAdapterFactory.java:67)
	at io.reactivex.internal.operators.observable.ObservableOnErrorNext$OnErrorNextObserver.onError(ObservableOnErrorNext.java:91)
	at retrofit2.adapter.rxjava2.BodyObservable$BodyObserver.onNext(BodyObservable.java:56)
	at retrofit2.adapter.rxjava2.BodyObservable$BodyObserver.onNext(BodyObservable.java:37)
	at retrofit2.adapter.rxjava2.CallExecuteObservable.subscribeActual(CallExecuteObservable.java:44)
	at io.reactivex.Observable.subscribe(Observable.java:12036)
	at retrofit2.adapter.rxjava2.BodyObservable.subscribeActual(BodyObservable.java:34)
	at io.reactivex.Observable.subscribe(Observable.java:12036)
	at io.reactivex.internal.operators.observable.ObservableOnErrorNext.subscribeActual(ObservableOnErrorNext.java:38)
	at io.reactivex.Observable.subscribe(Observable.java:12036)
	at io.reactivex.Observable.subscribe(Observable.java:12022)
	at io.reactivex.Observable.subscribe(Observable.java:11951)
	at nurisezgin.com.retrofiterror.rx2.Rx2RetrofitErrorCallAdapterFactoryTest.should_WhenNoEmptyConstructorCallDefaultSessionLogoutActionCorrect(Rx2RetrofitErrorCallAdapterFactoryTest.java:85)
	at sun.reflect.NativeMethodAccessorImpl.invoke0(Native Method)
	at sun.reflect.NativeMethodAccessorImpl.invoke(NativeMethodAccessorImpl.java:62)
	at sun.reflect.DelegatingMethodAccessorImpl.invoke(DelegatingMethodAccessorImpl.java:43)
	at java.lang.reflect.Method.invoke(Method.java:498)
	at org.junit.runners.model.FrameworkMethod$1.runReflectiveCall(FrameworkMethod.java:50)
	at org.junit.internal.runners.model.ReflectiveCallable.run(ReflectiveCallable.java:12)
	at org.junit.runners.model.FrameworkMethod.invokeExplosively(FrameworkMethod.java:47)
	at org.junit.internal.runners.statements.InvokeMethod.evaluate(InvokeMethod.java:17)
	at org.junit.internal.runners.statements.RunBefores.evaluate(RunBefores.java:26)
	at org.junit.rules.ExternalResource$1.evaluate(ExternalResource.java:48)
	at org.junit.rules.RunRules.evaluate(RunRules.java:20)
	at org.junit.runners.ParentRunner.runLeaf(ParentRunner.java:325)
	at org.junit.runners.BlockJUnit4ClassRunner.runChild(BlockJUnit4ClassRunner.java:78)
	at org.junit.runners.BlockJUnit4ClassRunner.runChild(BlockJUnit4ClassRunner.java:57)
	at org.junit.runners.ParentRunner$3.run(ParentRunner.java:290)
	at org.junit.runners.ParentRunner$1.schedule(ParentRunner.java:71)
	at org.junit.runners.ParentRunner.runChildren(ParentRunner.java:288)
	at org.junit.runners.ParentRunner.access$000(ParentRunner.java:58)
	at org.junit.runners.ParentRunner$2.evaluate(ParentRunner.java:268)
	at org.junit.runners.ParentRunner.run(ParentRunner.java:363)
	at org.gradle.api.internal.tasks.testing.junit.JUnitTestClassExecuter.runTestClass(JUnitTestClassExecuter.java:105)
	at org.gradle.api.internal.tasks.testing.junit.JUnitTestClassExecuter.execute(JUnitTestClassExecuter.java:56)
	at org.gradle.api.internal.tasks.testing.junit.JUnitTestClassProcessor.processTestClass(JUnitTestClassProcessor.java:64)
	at org.gradle.api.internal.tasks.testing.SuiteTestClassProcessor.processTestClass(SuiteTestClassProcessor.java:50)
	at sun.reflect.NativeMethodAccessorImpl.invoke0(Native Method)
	at sun.reflect.NativeMethodAccessorImpl.invoke(NativeMethodAccessorImpl.java:62)
	at sun.reflect.DelegatingMethodAccessorImpl.invoke(DelegatingMethodAccessorImpl.java:43)
	at java.lang.reflect.Method.invoke(Method.java:498)
	at org.gradle.messaging.dispatch.ReflectionDispatch.dispatch(ReflectionDispatch.java:35)
	at org.gradle.messaging.dispatch.ReflectionDispatch.dispatch(ReflectionDispatch.java:24)
	at org.gradle.messaging.dispatch.ContextClassLoaderDispatch.dispatch(ContextClassLoaderDispatch.java:32)
	at org.gradle.messaging.dispatch.ProxyDispatchAdapter$DispatchingInvocationHandler.invoke(ProxyDispatchAdapter.java:93)
	at com.sun.proxy.$Proxy2.processTestClass(Unknown Source)
	at org.gradle.api.internal.tasks.testing.worker.TestWorker.processTestClass(TestWorker.java:106)
	at sun.reflect.NativeMethodAccessorImpl.invoke0(Native Method)
	at sun.reflect.NativeMethodAccessorImpl.invoke(NativeMethodAccessorImpl.java:62)
	at sun.reflect.DelegatingMethodAccessorImpl.invoke(DelegatingMethodAccessorImpl.java:43)
	at java.lang.reflect.Method.invoke(Method.java:498)
	at org.gradle.messaging.dispatch.ReflectionDispatch.dispatch(ReflectionDispatch.java:35)
	at org.gradle.messaging.dispatch.ReflectionDispatch.dispatch(ReflectionDispatch.java:24)
	at org.gradle.messaging.remote.internal.hub.MessageHub$Handler.run(MessageHub.java:360)
	at org.gradle.internal.concurrent.ExecutorPolicy$CatchAndRecordFailures.onExecute(ExecutorPolicy.java:54)
	at org.gradle.internal.concurrent.StoppableExecutorImpl$1.run(StoppableExecutorImpl.java:40)
	at java.util.concurrent.ThreadPoolExecutor.runWorker(ThreadPoolExecutor.java:1142)
	at java.util.concurrent.ThreadPoolExecutor$Worker.run(ThreadPoolExecutor.java:617)
	at java.lang.Thread.run(Thread.java:745)
Caused by: java.lang.NoSuchMethodException: nurisezgin.com.retrofiterror.rx2.TestSessionLogoutActions$NoEmptyConstructorAction.&lt;init&gt;()
	at java.lang.Class.getConstructor0(Class.java:3082)
	at java.lang.Class.newInstance(Class.java:412)
	... 62 more
Jul 29, 2018 12:45:08 AM okhttp3.mockwebserver.MockWebServer$2 acceptConnections
INFO: MockWebServer[55735] done accepting connections: Socket closed
Jul 29, 2018 12:45:08 AM okhttp3.mockwebserver.MockWebServer$2 execute
INFO: MockWebServer[55737] starting to accept connections
Jul 29, 2018 12:45:08 AM okhttp3.mockwebserver.MockWebServer$2 acceptConnections
INFO: MockWebServer[55737] done accepting connections: Socket closed
Jul 29, 2018 12:45:08 AM okhttp3.mockwebserver.MockWebServer$2 execute
INFO: MockWebServer[55740] starting to accept connections
Jul 29, 2018 12:45:08 AM okhttp3.mockwebserver.MockWebServer$3 processOneRequest
INFO: MockWebServer[55740] received request: GET /name HTTP/1.1 and responded: HTTP/1.1 404 Client Error
Jul 29, 2018 12:45:08 AM okhttp3.mockwebserver.MockWebServer$2 acceptConnections
INFO: MockWebServer[55740] done accepting connections: Socket closed
Jul 29, 2018 12:45:08 AM okhttp3.mockwebserver.MockWebServer$2 execute
INFO: MockWebServer[55742] starting to accept connections
Jul 29, 2018 12:45:08 AM okhttp3.mockwebserver.MockWebServer$3 processOneRequest
INFO: MockWebServer[55742] received request: GET /name HTTP/1.1 and responded: HTTP/1.1 200 OK
Jul 29, 2018 12:45:08 AM okhttp3.mockwebserver.MockWebServer$2 acceptConnections
INFO: MockWebServer[55742] done accepting connections: Socket closed
Jul 29, 2018 12:45:08 AM okhttp3.mockwebserver.MockWebServer$2 execute
INFO: MockWebServer[55744] starting to accept connections
Jul 29, 2018 12:45:08 AM okhttp3.mockwebserver.MockWebServer$3 processOneRequest
INFO: MockWebServer[55744] received request: GET /balance HTTP/1.1 and responded: HTTP/1.1 401 Client Error
Jul 29, 2018 12:45:08 AM okhttp3.mockwebserver.MockWebServer$2 acceptConnections
INFO: MockWebServer[55744] done accepting connections: Socket closed
Jul 29, 2018 12:45:08 AM okhttp3.mockwebserver.MockWebServer$2 execute
INFO: MockWebServer[55746] starting to accept connections
Jul 29, 2018 12:45:08 AM okhttp3.mockwebserver.MockWebServer$3 processOneRequest
INFO: MockWebServer[55746] received request: GET /fees HTTP/1.1 and responded: HTTP/1.1 401 Client Error
Jul 29, 2018 12:45:08 AM okhttp3.mockwebserver.MockWebServer$2 acceptConnections
INFO: MockWebServer[55746] done accepting connections: Socket closed
</pre>
</span>
</div>
</div>
<div id="footer">
<p>
<div>
<label class="hidden" id="label-for-line-wrapping-toggle" for="line-wrapping-toggle">Wrap lines
<input id="line-wrapping-toggle" type="checkbox" autocomplete="off"/>
</label>
</div>Generated by 
<a href="http://www.gradle.org">Gradle 2.9</a> at Jul 29, 2018 12:45:13 AM</p>
</div>
</div>
</body>
</html>
